<?xml version="1.0" encoding="UTF-8"?>
  <testsuite tests="204" failures="0" time="0.0574002">
      <testcase name="[k8s.io] Pods should be submitted and removed [NodeConformance] [Conformance]" classname="Kubernetes e2e suite" time="0"></testcase>
      <testcase name="[sig-node] ConfigMap should fail to create ConfigMap with empty key [Conformance]" classname="Kubernetes e2e suite" time="0"></testcase>
      <testcase name="[sig-storage] Downward API volume should set DefaultMode on files [LinuxOnly] [NodeConformance] [Conformance]" classname="Kubernetes e2e suite" time="0"></testcase>
      <testcase name="[sig-storage] In-tree Volumes [Driver: local][LocalVolumeType: dir-link-bindmounted] [Testpattern: Dynamic PV (default fs)] subPath should support existing directories when readOnly specified in the volumeSource" classname="Kubernetes e2e suite" time="0">
          <skipped></skipped>
      </testcase>
      <testcase name="[sig-storage] In-tree Volumes [Driver: rbd][Feature:Volumes] [Testpattern: Pre-provisioned PV (default fs)] subPath should support restarting containers using file as subpath [Slow]" classname="Kubernetes e2e suite" time="0">
          <skipped></skipped>
      </testcase>
  </testsuite>