<?xml version="1.0" encoding="UTF-8"?>
  <testsuite tests="204" failures="0" time="0.0574002">
      <testcase name="[k8s.io] Pods should be submitted and removed [NodeConformance] [Conformance]" classname="Kubernetes e2e suite" time="0"></testcase>
      <testcase name="[sig-apps] Daemon set [Serial] should rollback without unnecessary restarts [Conformance]" classname="Kubernetes e2e suite" time="6.308404">
          <failure type="Failure">/go/src/k8s.io/kubernetes/_output/dockerized/go/src/k8s.io/kubernetes/test/e2e/framework/framework.go:696&#xA;Conformance test suite needs a cluster with at least 2 nodes.&#xA;Expected&#xA;    &lt;int&gt;: 1&#xA;to be &gt;&#xA;    &lt;int&gt;: 1&#xA;/go/src/k8s.io/kubernetes/_output/dockerized/go/src/k8s.io/kubernetes/test/e2e/apps/daemon_set.go:385</failure>
          <system-out>[BeforeEach] [sig-apps] Daemon set [Serial]&#xA;  /go/src/k8s.io/kubernetes/_output/dockerized/go/src/k8s.io/kubernetes/test/e2e/framework/framework.go:149&#xA;STEP: Creating a kubernetes client&#xA;Apr 17 03:27:11.418: INFO: &gt;&gt;&gt; kubeConfig: /tmp/kubeconfig-593116359&#xA;STEP: Building a namespace api object, basename daemonsets&#xA;STEP: Waiting for a default service account to be provisioned in namespace&#xA;[BeforeEach] [sig-apps] Daemon set [Serial]&#xA;  /go/src/k8s.io/kubernetes/_output/dockerized/go/src/k8s.io/kubernetes/test/e2e/apps/daemon_set.go:102&#xA;[It] should rollback without unnecessary restarts [Conformance]&#xA;  /go/src/k8s.io/kubernetes/_output/dockerized/go/src/k8s.io/kubernetes/test/e2e/framework/framework.go:696&#xA;[AfterEach] [sig-apps] Daemon set [Serial]&#xA;  /go/src/k8s.io/kubernetes/_output/dockerized/go/src/k8s.io/kubernetes/test/e2e/apps/daemon_set.go:68&#xA;Apr 17 03:27:11.470: INFO: daemonset: {&#34;kind&#34;:&#34;DaemonSetList&#34;,&#34;apiVersion&#34;:&#34;apps/v1&#34;,&#34;metadata&#34;:{&#34;selfLink&#34;:&#34;/apis/apps/v1/namespaces/daemonsets-243/daemonsets&#34;,&#34;resourceVersion&#34;:&#34;20464&#34;},&#34;items&#34;:null}&#xA;&#xA;Apr 17 03:27:11.472: INFO: pods: {&#34;kind&#34;:&#34;PodList&#34;,&#34;apiVersion&#34;:&#34;v1&#34;,&#34;metadata&#34;:{&#34;selfLink&#34;:&#34;/api/v1/namespaces/daemonsets-243/pods&#34;,&#34;resourceVersion&#34;:&#34;20464&#34;},&#34;items&#34;:null}&#xA;&#xA;[AfterEach] [sig-apps] Daemon set [Serial]&#xA;  /go/src/k8s.io/kubernetes/_output/dockerized/go/src/k8s.io/kubernetes/test/e2e/framework/framework.go:150&#xA;STEP: Collecting events from namespace &#34;daemonsets-243&#34;.&#xA;STEP: Found 0 events.&#xA;Apr 17 03:27:11.489: INFO: POD                                                      NODE                PHASE    GRACE  CONDITIONS&#xA;Apr 17 03:27:11.489: INFO: sonobuoy                                                 kind-control-plane  Running         [{Initialized True 0001-01-01 00:00:00 +0000 UTC 2019-04-17 03:19:55 +0000 UTC  } {Ready True 0001-01-01 00:00:00 +0000 UTC 2019-04-17 03:20:02 +0000 UTC  } {ContainersReady True 0001-01-01 00:00:00 +0000 UTC 2019-04-17 03:20:02 +0000 UTC  } {PodScheduled True 0001-01-01 00:00:00 +0000 UTC 2019-04-17 03:19:55 +0000 UTC  }]&#xA;Apr 17 03:27:11.489: INFO: sonobuoy-e2e-job-68ee09b8b85142ca                        kind-control-plane  Running         [{Initialized True 0001-01-01 00:00:00 +0000 UTC 2019-04-17 03:20:02 +0000 UTC  } {Ready True 0001-01-01 00:00:00 +0000 UTC 2019-04-17 03:20:30 +0000 UTC  } {ContainersReady True 0001-01-01 00:00:00 +0000 UTC 2019-04-17 03:20:30 +0000 UTC  } {PodScheduled True 0001-01-01 00:00:00 +0000 UTC 2019-04-17 03:20:02 +0000 UTC  }]&#xA;Apr 17 03:27:11.490: INFO: sonobuoy-systemd-logs-daemon-set-0b6a863f44f2455a-65gls  kind-control-plane  Running         [{Initialized True 0001-01-01 00:00:00 +0000 UTC 2019-04-17 03:20:02 +0000 UTC  } {Ready True 0001-01-01 00:00:00 +0000 UTC 2019-04-17 03:20:14 +0000 UTC  } {ContainersReady True 0001-01-01 00:00:00 +0000 UTC 2019-04-17 03:20:14 +0000 UTC  } {PodScheduled True 0001-01-01 00:00:00 +0000 UTC 2019-04-17 03:20:02 +0000 UTC  }]&#xA;Apr 17 03:27:11.490: INFO: coredns-fb8b8dccf-9bdvz                                  kind-control-plane  Running         [{Initialized True 0001-01-01 00:00:00 +0000 UTC 2019-04-16 20:13:39 +0000 UTC  } {Ready True 0001-01-01 00:00:00 +0000 UTC 2019-04-16 20:13:50 +0000 UTC  } {ContainersReady True 0001-01-01 00:00:00 +0000 UTC 2019-04-16 20:13:50 +0000 UTC  } {PodScheduled True 0001-01-01 00:00:00 +0000 UTC 2019-04-16 20:13:39 +0000 UTC  }]&#xA;Apr 17 03:27:11.490: INFO: coredns-fb8b8dccf-xzgbv                                  kind-control-plane  Running         [{Initialized True 0001-01-01 00:00:00 +0000 UTC 2019-04-16 20:13:39 +0000 UTC  } {Ready True 0001-01-01 00:00:00 +0000 UTC 2019-04-16 20:13:48 +0000 UTC  } {ContainersReady True 0001-01-01 00:00:00 +0000 UTC 2019-04-16 20:13:48 +0000 UTC  } {PodScheduled True 0001-01-01 00:00:00 +0000 UTC 2019-04-16 20:13:39 +0000 UTC  }]&#xA;Apr 17 03:27:11.491: INFO: etcd-kind-control-plane                                  kind-control-plane  Running         [{Initialized True 0001-01-01 00:00:00 +0000 UTC 2019-04-16 20:12:42 +0000 UTC  } {Ready True 0001-01-01 00:00:00 +0000 UTC 2019-04-16 20:12:44 +0000 UTC  } {ContainersReady True 0001-01-01 00:00:00 +0000 UTC 2019-04-16 20:12:44 +0000 UTC  } {PodScheduled True 0001-01-01 00:00:00 +0000 UTC 2019-04-16 20:12:42 +0000 UTC  }]&#xA;Apr 17 03:27:11.491: INFO: kube-apiserver-kind-control-plane                        kind-control-plane  Running         [{Initialized True 0001-01-01 00:00:00 +0000 UTC 2019-04-16 20:12:42 +0000 UTC  } {Ready True 0001-01-01 00:00:00 +0000 UTC 2019-04-16 20:12:44 +0000 UTC  } {ContainersReady True 0001-01-01 00:00:00 +0000 UTC 2019-04-16 20:12:44 +0000 UTC  } {PodScheduled True 0001-01-01 00:00:00 +0000 UTC 2019-04-16 20:12:42 +0000 UTC  }]&#xA;Apr 17 03:27:11.491: INFO: kube-controller-manager-kind-control-plane               kind-control-plane  Running         [{Initialized True 0001-01-01 00:00:00 +0000 UTC 2019-04-16 20:12:42 +0000 UTC  } {Ready True 0001-01-01 00:00:00 +0000 UTC 2019-04-16 20:12:44 +0000 UTC  } {ContainersReady True 0001-01-01 00:00:00 +0000 UTC 2019-04-16 20:12:44 +0000 UTC  } {PodScheduled True 0001-01-01 00:00:00 +0000 UTC 2019-04-16 20:12:42 +0000 UTC  }]&#xA;Apr 17 03:27:11.491: INFO: kube-proxy-d76jw                                         kind-control-plane  Running         [{Initialized True 0001-01-01 00:00:00 +0000 UTC 2019-04-16 20:12:57 +0000 UTC  } {Ready True 0001-01-01 00:00:00 +0000 UTC 2019-04-16 20:12:58 +0000 UTC  } {ContainersReady True 0001-01-01 00:00:00 +0000 UTC 2019-04-16 20:12:58 +0000 UTC  } {PodScheduled True 0001-01-01 00:00:00 +0000 UTC 2019-04-16 20:12:57 +0000 UTC  }]&#xA;Apr 17 03:27:11.491: INFO: kube-scheduler-kind-control-plane                        kind-control-plane  Running         [{Initialized True 0001-01-01 00:00:00 +0000 UTC 2019-04-16 20:12:42 +0000 UTC  } {Ready True 0001-01-01 00:00:00 +0000 UTC 2019-04-16 20:12:44 +0000 UTC  } {ContainersReady True 0001-01-01 00:00:00 +0000 UTC 2019-04-16 20:12:44 +0000 UTC  } {PodScheduled True 0001-01-01 00:00:00 +0000 UTC 2019-04-16 20:12:42 +0000 UTC  }]&#xA;Apr 17 03:27:11.492: INFO: weave-net-2r5qk                                          kind-control-plane  Running         [{Initialized True 0001-01-01 00:00:00 +0000 UTC 2019-04-16 20:12:57 +0000 UTC  } {Ready True 0001-01-01 00:00:00 +0000 UTC 2019-04-16 20:13:30 +0000 UTC  } {ContainersReady True 0001-01-01 00:00:00 +0000 UTC 2019-04-16 20:13:30 +0000 UTC  } {PodScheduled True 0001-01-01 00:00:00 +0000 UTC 2019-04-16 20:12:57 +0000 UTC  }]&#xA;Apr 17 03:27:11.492: INFO: &#xA;Apr 17 03:27:11.494: INFO: &#xA;Logging node info for node kind-control-plane&#xA;Apr 17 03:27:11.497: INFO: Node Info: &amp;Node{ObjectMeta:k8s_io_apimachinery_pkg_apis_meta_v1.ObjectMeta{Name:kind-control-plane,GenerateName:,Namespace:,SelfLink:/api/v1/nodes/kind-control-plane,UID:006e2c38-6084-11e9-acb2-02427c1c7991,ResourceVersion:20443,Generation:0,CreationTimestamp:2019-04-16 20:12:47 +0000 UTC,DeletionTimestamp:&lt;nil&gt;,DeletionGracePeriodSeconds:nil,Labels:map[string]string{beta.kubernetes.io/arch: amd64,beta.kubernetes.io/os: linux,kubernetes.io/arch: amd64,kubernetes.io/hostname: kind-control-plane,kubernetes.io/os: linux,node-role.kubernetes.io/master: ,},Annotations:map[string]string{kubeadm.alpha.kubernetes.io/cri-socket: /var/run/dockershim.sock,node.alpha.kubernetes.io/ttl: 0,volumes.kubernetes.io/controller-managed-attach-detach: true,},OwnerReferences:[],Finalizers:[],ClusterName:,Initializers:nil,ManagedFields:[],},Spec:NodeSpec{PodCIDR:,DoNotUse_ExternalID:,ProviderID:,Unschedulable:false,Taints:[],ConfigSource:nil,},Status:NodeStatus{Capacity:ResourceList{cpu: {{6 0} {&lt;nil&gt;} 6 DecimalSI},ephemeral-storage: {{62722478080 0} {&lt;nil&gt;} 61252420Ki BinarySI},hugepages-1Gi: {{0 0} {&lt;nil&gt;} 0 DecimalSI},hugepages-2Mi: {{0 0} {&lt;nil&gt;} 0 DecimalSI},memory: {{16803520512 0} {&lt;nil&gt;}  BinarySI},pods: {{110 0} {&lt;nil&gt;} 110 DecimalSI},},Allocatable:ResourceList{cpu: {{6 0} {&lt;nil&gt;} 6 DecimalSI},ephemeral-storage: {{62722478080 0} {&lt;nil&gt;} 61252420Ki BinarySI},hugepages-1Gi: {{0 0} {&lt;nil&gt;} 0 DecimalSI},hugepages-2Mi: {{0 0} {&lt;nil&gt;} 0 DecimalSI},memory: {{16803520512 0} {&lt;nil&gt;}  BinarySI},pods: {{110 0} {&lt;nil&gt;} 110 DecimalSI},},Phase:,Conditions:[{NetworkUnavailable False 2019-04-16 20:13:30 +0000 UTC 2019-04-16 20:13:30 +0000 UTC WeaveIsUp Weave pod has set this} {MemoryPressure False 2019-04-17 03:27:01 +0000 UTC 2019-04-16 20:12:45 +0000 UTC KubeletHasSufficientMemory kubelet has sufficient memory available} {DiskPressure False 2019-04-17 03:27:01 +0000 UTC 2019-04-16 20:12:45 +0000 UTC KubeletHasNoDiskPressure kubelet has no disk pressure} {PIDPressure False 2019-04-17 03:27:01 +0000 UTC 2019-04-16 20:12:45 +0000 UTC KubeletHasSufficientPID kubelet has sufficient PID available} {Ready True 2019-04-17 03:27:01 +0000 UTC 2019-04-16 20:13:37 +0000 UTC KubeletReady kubelet is posting ready status}],Addresses:[{InternalIP 172.17.0.2} {Hostname kind-control-plane}],DaemonEndpoints:NodeDaemonEndpoints{KubeletEndpoint:DaemonEndpoint{Port:10250,},},NodeInfo:NodeSystemInfo{MachineID:af1ce1bad7364033ade4e58016729847,SystemUUID:7F9F4A06-0000-0000-804F-DF1F7EDCCBA8,BootID:1ec2bf79-7754-4b91-8984-402f31af8d4b,KernelVersion:4.9.125-linuxkit,OSImage:Ubuntu 18.04.2 LTS,ContainerRuntimeVersion:docker://18.9.4,KubeletVersion:v1.14.1,KubeProxyVersion:v1.14.1,OperatingSystem:linux,Architecture:amd64,},Images:[{[schnake/conformance-amd64@sha256:3a50ade12dfdfd784ce0f33de42446cfc86b89efbe5183208976fa054ce6bb5a schnake/conformance-amd64:schnake-debug] 575063283} {[gcr.io/heptio-images/sonobuoy-plugin-systemd-logs@sha256:58e077ba773ff5d7b6bba90771fad72217f0d10b913bb66bb0afb387c9552788 gcr.io/heptio-images/sonobuoy-plugin-systemd-logs:latest] 290890605} {[k8s.gcr.io/etcd:3.3.10] 258116302} {[k8s.gcr.io/kube-apiserver:v1.14.1] 209734697} {[k8s.gcr.io/kube-controller-manager:v1.14.1] 157763817} {[weaveworks/weave-kube:2.5.1] 148146468} {[gcr.io/heptio-images/sonobuoy@sha256:e8883e3f125a405cb807edbd72179a6d655026938574871ca3569b43409f49c2 gcr.io/heptio-images/sonobuoy:v0.14.1] 85284889} {[k8s.gcr.io/kube-proxy:v1.14.1] 82047015} {[k8s.gcr.io/kube-scheduler:v1.14.1] 81516425} {[weaveworks/weave-npc:2.5.1] 49569458} {[k8s.gcr.io/coredns:1.3.1] 40303560} {[nginx@sha256:485b610fefec7ff6c463ced9623314a04ed67e3945b9c08d7e53a47f6d108dc7 nginx:1.14-alpine] 16032814} {[gcr.io/kubernetes-e2e-test-images/nautilus@sha256:33a732d4c42a266912a5091598a0f07653c9134db4b8d571690d8afd509e0bfc gcr.io/kubernetes-e2e-test-images/nautilus:1.0] 4753501} {[gcr.io/kubernetes-e2e-test-images/mounttest@sha256:c0bd6f0755f42af09a68c9a47fb993136588a76b3200ec305796b60d629d85d2 gcr.io/kubernetes-e2e-test-images/mounttest:1.0] 1563521} {[busybox@sha256:8ccbac733d19c0dd4d70b4f0c1e12245b5fa3ad24758a11035ee505c629c0796 busybox:1.29] 1154361} {[k8s.gcr.io/pause:3.1] 742472}],VolumesInUse:[],VolumesAttached:[],Config:nil,},}&#xA;Apr 17 03:27:11.497: INFO: &#xA;Logging kubelet events for node kind-control-plane&#xA;Apr 17 03:27:11.500: INFO: &#xA;Logging pods the kubelet thinks is on node kind-control-plane&#xA;Apr 17 03:27:11.505: INFO: etcd-kind-control-plane started at &lt;nil&gt; (0+0 container statuses recorded)&#xA;Apr 17 03:27:11.506: INFO: sonobuoy started at 2019-04-17 03:19:55 +0000 UTC (0+1 container statuses recorded)&#xA;Apr 17 03:27:11.506: INFO: &#x9;Container kube-sonobuoy ready: true, restart count 0&#xA;Apr 17 03:27:11.506: INFO: kube-scheduler-kind-control-plane started at &lt;nil&gt; (0+0 container statuses recorded)&#xA;Apr 17 03:27:11.506: INFO: coredns-fb8b8dccf-9bdvz started at 2019-04-16 20:13:39 +0000 UTC (0+1 container statuses recorded)&#xA;Apr 17 03:27:11.506: INFO: &#x9;Container coredns ready: true, restart count 0&#xA;Apr 17 03:27:11.507: INFO: sonobuoy-e2e-job-68ee09b8b85142ca started at 2019-04-17 03:20:02 +0000 UTC (0+2 container statuses recorded)&#xA;Apr 17 03:27:11.507: INFO: &#x9;Container e2e ready: true, restart count 0&#xA;Apr 17 03:27:11.507: INFO: &#x9;Container sonobuoy-worker ready: true, restart count 0&#xA;Apr 17 03:27:11.507: INFO: kube-apiserver-kind-control-plane started at &lt;nil&gt; (0+0 container statuses recorded)&#xA;Apr 17 03:27:11.507: INFO: kube-controller-manager-kind-control-plane started at &lt;nil&gt; (0+0 container statuses recorded)&#xA;Apr 17 03:27:11.507: INFO: kube-proxy-d76jw started at 2019-04-16 20:12:57 +0000 UTC (0+1 container statuses recorded)&#xA;Apr 17 03:27:11.507: INFO: &#x9;Container kube-proxy ready: true, restart count 0&#xA;Apr 17 03:27:11.507: INFO: coredns-fb8b8dccf-xzgbv started at 2019-04-16 20:13:39 +0000 UTC (0+1 container statuses recorded)&#xA;Apr 17 03:27:11.508: INFO: &#x9;Container coredns ready: true, restart count 0&#xA;Apr 17 03:27:11.508: INFO: weave-net-2r5qk started at 2019-04-16 20:12:57 +0000 UTC (0+2 container statuses recorded)&#xA;Apr 17 03:27:11.508: INFO: &#x9;Container weave ready: true, restart count 1&#xA;Apr 17 03:27:11.508: INFO: &#x9;Container weave-npc ready: true, restart count 0&#xA;Apr 17 03:27:11.508: INFO: sonobuoy-systemd-logs-daemon-set-0b6a863f44f2455a-65gls started at 2019-04-17 03:20:02 +0000 UTC (0+2 container statuses recorded)&#xA;Apr 17 03:27:11.508: INFO: &#x9;Container sonobuoy-worker ready: true, restart count 0&#xA;Apr 17 03:27:11.509: INFO: &#x9;Container systemd-logs ready: true, restart count 0&#xA;Apr 17 03:27:11.578: INFO: &#xA;Latency metrics for node kind-control-plane&#xA;Apr 17 03:27:11.578: INFO: Waiting up to 3m0s for all (but 0) nodes to be ready&#xA;STEP: Destroying namespace &#34;daemonsets-243&#34; for this suite.&#xA;Apr 17 03:27:17.593: INFO: Waiting up to 30s for server preferred namespaced resources to be successfully discovered&#xA;Apr 17 03:27:17.726: INFO: namespace daemonsets-243 deletion completed in 6.1439008s&#xA;</system-out>
      </testcase>
      <testcase name="[sig-storage] In-tree Volumes [Driver: local][LocalVolumeType: dir-link-bindmounted] [Testpattern: Dynamic PV (default fs)] subPath should support existing directories when readOnly specified in the volumeSource" classname="Kubernetes e2e suite" time="0">
          <skipped></skipped>
      </testcase>
      <testcase name="[sig-storage] In-tree Volumes [Driver: rbd][Feature:Volumes] [Testpattern: Pre-provisioned PV (default fs)] subPath should support restarting containers using file as subpath [Slow]" classname="Kubernetes e2e suite" time="0">
          <skipped></skipped>
      </testcase>
  </testsuite>